<?xml version="1.0" encoding="UTF-8"?>
<!-- Generated by org.testng.reporters.JUnitReportReporter -->
<testsuite hostname="DESKTOP-HOF3APB" failures="0" tests="1" name="test.LoginTest" time="4.415" errors="0" timestamp="2023-12-10T11:47:22 CST" skipped="0">
  <testcase classname="test.LoginTest" name="validateLoginAlertMesg" time="4.415"/>
</testsuite> <!-- test.LoginTest -->
