<?xml version="1.0" encoding="UTF-8"?>
<!-- Generated by org.testng.reporters.JUnitReportReporter -->
<testsuite hostname="DESKTOP-HOF3APB" failures="0" tests="1" name="test.LoginTest" time="13.469" errors="0" timestamp="10 Dec 2023 16:49:24 GMT">
  <testcase classname="test.LoginTest" name="validUserShouldBeAbleToLogin" time="13.469"/>
</testsuite> <!-- test.LoginTest -->
